--------------------Moonraker Log Start--------------------
data_path: /home/biqu/printer_data
is_default_data_path: False
config_file: /home/biqu/printer_data/config/moonraker.conf
startup_warnings: []
verbose: False
debug: False
asyncio_debug: False
is_backup_config: False
log_file: /home/biqu/printer_data/logs/moonraker.log
software_version: v0.7.1-758-g5a3b1b6
python_version: 3.9.2 (default, Feb 28 2021, 17:03:44)  [GCC 10.2.1 20210110]

#################### Moonraker Configuration ####################

[server]
host = 0.0.0.0
port = 7125
klippy_uds_address = /home/biqu/printer_data/comms/klippy.sock

[file_manager]
enable_object_processing = True

[authorization]
trusted_clients = 
	10.0.0.0/8
	127.0.0.0/8
	169.254.0.0/16
	172.16.0.0/12
	192.168.0.0/16
	FE80::/10
	::1/128
cors_domains = 
	http://*.lan
	http://*.local
	https://my.mainsail.xyz
	http://my.mainsail.xyz
	https://app.fluidd.xyz
	http://app.fluidd.xyz

[octoprint_compat]

[history]

[update_manager]
channel = dev
refresh_interval = 168

[update_manager mainsail]
type = web
channel = stable
repo = mainsail-crew/mainsail
path = ~/mainsail

[update_manager moonraker-obico]
type = git_repo
path = ~/moonraker-obico
origin = https://github.com/TheSpaghettiDetective/moonraker-obico.git
env = /home/biqu/moonraker-env/bin/python
requirements = requirements.txt
install_script = install.sh
managed_services = 
	moonraker-obico

#################################################################
All Configuration Files:
/home/biqu/printer_data/config/moonraker.conf
/home/biqu/printer_data/config/moonraker-obico-update.cfg
#################################################################
Unsafe Shutdown Count: 0

System Info:

***python***
  version: sys.version_info(major=3, minor=9, micro=2, releaselevel='final', serial=0)
  version_string: 3.9.2 (default, Feb 28 2021, 17:03:44)  [GCC 10.2.1 20210110]

***cpu_info***
  cpu_count: 4
  bits: 64bit
  processor: aarch64
  cpu_desc: 
  serial_number: 
  hardware_desc: 
  model: 
  total_memory: 1010712
  memory_units: kB

***sd_info***

***distribution***
  name: BTT-CB1 2.2.1 Bullseye
  id: debian
  version: 11
  version_parts: {'major': '11', 'minor': '', 'build_number': ''}
  like: 
  codename: bullseye
  release_info: {'name': '# PLEASE DO NOT EDIT THIS FILE', 'id': 'board'}

***virtualization***
  virt_type: none
  virt_identifier: none

Systemd unit moonraker.service:
unit_name: moonraker.service
is_default: True
Properties:
**Requires=['sysinit.target', 'system.slice', '-.mount', 'network-online.target']
**After=['systemd-journald.socket', 'sysinit.target', 'system.slice', '-.mount', 'basic.target', 'network-online.target']
**SupplementaryGroups=['moonraker-admin']
**EnvironmentFiles=/home/biqu/printer_data/systemd/moonraker.env
**ExecStart=/home/biqu/moonraker-env/bin/python $MOONRAKER_ARGS
**WorkingDirectory=/home/biqu/moonraker
**FragmentPath=/etc/systemd/system/moonraker.service
**Description=API Server for Klipper SV1
**User=biqu

Systemd unit klipper.service:
unit_name: klipper.service
is_default: True
Properties:
**Description=Klipper 3D Printer Firmware SV1
**ExecStart=/home/biqu/klippy-env/bin/python $KLIPPER_ARGS
**FragmentPath=/etc/systemd/system/klipper.service
Klipper Version: v0.10.0-626-g5e34b450
2022-11-16 06:05:04,517 [websockets.py:build_error()] - JSON-RPC Request Error: -32601
Method not found
2022-11-16 06:05:05,709 [app.py:log_request()] - 404 GET /machine/device_power/devices (127.0.0.1) [No User] 4.75ms
2022-11-16 06:05:05,731 [app.py:log_request()] - 404 GET /printer/info (127.0.0.1) [No User] 4.64ms
2022-11-16 06:05:06,519 [websockets.py:build_error()] - JSON-RPC Request Error: -32601
Method not found
2022-11-16 06:05:08,518 [websockets.py:build_error()] - JSON-RPC Request Error: -32601
Method not found
2022-11-16 06:05:08,717 [app.py:log_request()] - 404 GET /machine/device_power/devices (127.0.0.1) [No User] 6.37ms
2022-11-16 06:05:08,740 [app.py:log_request()] - 404 GET /printer/info (127.0.0.1) [No User] 4.91ms
2022-11-16 06:05:10,516 [websockets.py:build_error()] - JSON-RPC Request Error: -32601
Method not found
2022-11-16 06:05:11,714 [app.py:log_request()] - 404 GET /machine/device_power/devices (127.0.0.1) [No User] 5.19ms
2022-11-16 06:05:11,735 [app.py:log_request()] - 404 GET /printer/info (127.0.0.1) [No User] 4.72ms
2022-11-16 06:05:12,521 [websockets.py:build_error()] - JSON-RPC Request Error: -32601
Method not found
2022-11-16 06:05:14,530 [websockets.py:build_error()] - JSON-RPC Request Error: -32601
Method not found
2022-11-16 06:05:14,710 [app.py:log_request()] - 404 GET /machine/device_power/devices (127.0.0.1) [No User] 4.66ms
2022-11-16 06:05:14,733 [app.py:log_request()] - 404 GET /printer/info (127.0.0.1) [No User] 4.97ms
2022-11-16 06:05:16,527 [websockets.py:build_error()] - JSON-RPC Request Error: -32601
Method not found
2022-11-16 06:05:17,711 [app.py:log_request()] - 404 GET /machine/device_power/devices (127.0.0.1) [No User] 4.73ms
2022-11-16 06:05:17,732 [app.py:log_request()] - 404 GET /printer/info (127.0.0.1) [No User] 4.68ms
2022-11-16 06:05:18,525 [websockets.py:build_error()] - JSON-RPC Request Error: -32601
Method not found
2022-11-16 06:05:20,533 [websockets.py:build_error()] - JSON-RPC Request Error: -32601
Method not found
2022-11-16 06:05:20,711 [app.py:log_request()] - 404 GET /machine/device_power/devices (127.0.0.1) [No User] 5.02ms
2022-11-16 06:05:20,733 [app.py:log_request()] - 404 GET /printer/info (127.0.0.1) [No User] 4.97ms
2022-11-16 06:05:22,531 [websockets.py:build_error()] - JSON-RPC Request Error: -32601
Method not found
2022-11-16 06:05:23,710 [app.py:log_request()] - 404 GET /machine/device_power/devices (127.0.0.1) [No User] 4.71ms
2022-11-16 06:05:23,732 [app.py:log_request()] - 404 GET /printer/info (127.0.0.1) [No User] 4.65ms
2022-11-16 06:05:24,529 [websockets.py:build_error()] - JSON-RPC Request Error: -32601
Method not found
2022-11-16 06:05:26,552 [websockets.py:build_error()] - JSON-RPC Request Error: -32601
Method not found
2022-11-16 06:05:26,711 [app.py:log_request()] - 404 GET /machine/device_power/devices (127.0.0.1) [No User] 5.08ms
2022-11-16 06:05:26,732 [app.py:log_request()] - 404 GET /printer/info (127.0.0.1) [No User] 4.65ms
2022-11-16 06:05:28,547 [websockets.py:build_error()] - JSON-RPC Request Error: -32601
Method not found
2022-11-16 06:05:29,711 [app.py:log_request()] - 404 GET /machine/device_power/devices (127.0.0.1) [No User] 5.23ms
2022-11-16 06:05:29,733 [app.py:log_request()] - 404 GET /printer/info (127.0.0.1) [No User] 4.74ms
2022-11-16 06:05:30,550 [websockets.py:build_error()] - JSON-RPC Request Error: -32601
Method not found
2022-11-16 06:05:32,548 [websockets.py:build_error()] - JSON-RPC Request Error: -32601
Method not found
2022-11-16 06:05:32,709 [app.py:log_request()] - 404 GET /machine/device_power/devices (127.0.0.1) [No User] 4.72ms
2022-11-16 06:05:32,731 [app.py:log_request()] - 404 GET /printer/info (127.0.0.1) [No User] 5.14ms
2022-11-16 06:05:34,552 [websockets.py:build_error()] - JSON-RPC Request Error: -32601
Method not found
2022-11-16 06:05:35,711 [app.py:log_request()] - 404 GET /machine/device_power/devices (127.0.0.1) [No User] 4.71ms
2022-11-16 06:05:35,733 [app.py:log_request()] - 404 GET /printer/info (127.0.0.1) [No User] 5.45ms
2022-11-16 06:05:36,557 [websockets.py:build_error()] - JSON-RPC Request Error: -32601
Method not found
2022-11-16 06:05:38,563 [websockets.py:build_error()] - JSON-RPC Request Error: -32601
Method not found
2022-11-16 06:05:38,710 [app.py:log_request()] - 404 GET /machine/device_power/devices (127.0.0.1) [No User] 4.75ms
2022-11-16 06:05:38,732 [app.py:log_request()] - 404 GET /printer/info (127.0.0.1) [No User] 4.96ms
2022-11-16 06:05:40,575 [websockets.py:build_error()] - JSON-RPC Request Error: -32601
Method not found
2022-11-16 06:05:41,710 [app.py:log_request()] - 404 GET /machine/device_power/devices (127.0.0.1) [No User] 5.56ms
2022-11-16 06:05:41,732 [app.py:log_request()] - 404 GET /printer/info (127.0.0.1) [No User] 4.74ms
2022-11-16 06:05:42,568 [websockets.py:build_error()] - JSON-RPC Request Error: -32601
Method not found
2022-11-16 06:05:44,573 [websockets.py:build_error()] - JSON-RPC Request Error: -32601
Method not found
2022-11-16 06:05:44,710 [app.py:log_request()] - 404 GET /machine/device_power/devices (127.0.0.1) [No User] 4.92ms
2022-11-16 06:05:44,731 [app.py:log_request()] - 404 GET /printer/info (127.0.0.1) [No User] 4.82ms
2022-11-16 06:05:46,574 [websockets.py:build_error()] - JSON-RPC Request Error: -32601
Method not found
2022-11-16 06:05:47,709 [app.py:log_request()] - 404 GET /machine/device_power/devices (127.0.0.1) [No User] 4.90ms
2022-11-16 06:05:47,731 [app.py:log_request()] - 404 GET /printer/info (127.0.0.1) [No User] 4.71ms
2022-11-16 06:05:48,571 [websockets.py:build_error()] - JSON-RPC Request Error: -32601
Method not found
2022-11-16 06:05:50,574 [websockets.py:build_error()] - JSON-RPC Request Error: -32601
Method not found
2022-11-16 06:05:50,712 [app.py:log_request()] - 404 GET /machine/device_power/devices (127.0.0.1) [No User] 5.44ms
2022-11-16 06:05:50,735 [app.py:log_request()] - 404 GET /printer/info (127.0.0.1) [No User] 4.72ms
2022-11-16 06:05:53,584 [websockets.py:build_error()] - JSON-RPC Request Error: -32601
Method not found
2022-11-16 06:05:53,709 [app.py:log_request()] - 404 GET /machine/device_power/devices (127.0.0.1) [No User] 4.83ms
2022-11-16 06:05:53,731 [app.py:log_request()] - 404 GET /printer/info (127.0.0.1) [No User] 4.70ms
2022-11-16 06:05:56,536 [websockets.py:build_error()] - JSON-RPC Request Error: -32601
Method not found
2022-11-16 06:05:56,711 [app.py:log_request()] - 404 GET /machine/device_power/devices (127.0.0.1) [No User] 4.93ms
2022-11-16 06:05:56,733 [app.py:log_request()] - 404 GET /printer/info (127.0.0.1) [No User] 4.77ms
2022-11-16 06:05:57,519 [websockets.py:on_close()] - Websocket Closed: ID: 281473459327184 Close Code: None, Close Reason: None, Pong Time Elapsed: 6.96
2022-11-16 06:05:59,715 [app.py:log_request()] - 404 GET /machine/device_power/devices (127.0.0.1) [No User] 5.70ms
2022-11-16 06:05:59,740 [app.py:log_request()] - 404 GET /printer/info (127.0.0.1) [No User] 5.02ms
2022-11-16 06:06:02,710 [app.py:log_request()] - 404 GET /machine/device_power/devices (127.0.0.1) [No User] 4.91ms
2022-11-16 06:06:02,732 [app.py:log_request()] - 404 GET /printer/info (127.0.0.1) [No User] 4.68ms
2022-11-16 06:06:03,720 [app.py:register_remote_handler()] - Registering HTTP endpoint: (GET POST) /printer/info
2022-11-16 06:06:03,721 [websockets.py:register_api_handler()] - Registering Websocket JSON-RPC methods: printer.info
2022-11-16 06:06:03,722 [app.py:register_remote_handler()] - Registering HTTP endpoint: (GET POST) /printer/query_endstops/status
2022-11-16 06:06:03,723 [websockets.py:register_api_handler()] - Registering Websocket JSON-RPC methods: printer.query_endstops.status
2022-11-16 06:06:03,723 [app.py:register_remote_handler()] - Registering HTTP endpoint: (GET POST) /printer/emergency_stop
2022-11-16 06:06:03,725 [websockets.py:register_api_handler()] - Registering Websocket JSON-RPC methods: printer.emergency_stop
2022-11-16 06:06:03,725 [app.py:register_remote_handler()] - Registering HTTP endpoint: (GET POST) /printer/pause_resume/pause
2022-11-16 06:06:03,727 [websockets.py:register_api_handler()] - Registering Websocket JSON-RPC methods: printer.pause_resume.pause
2022-11-16 06:06:03,727 [app.py:register_remote_handler()] - Registering HTTP endpoint: (GET POST) /printer/objects/query
2022-11-16 06:06:03,728 [websockets.py:register_api_handler()] - Registering Websocket JSON-RPC methods: printer.objects.query
2022-11-16 06:06:03,729 [app.py:register_remote_handler()] - Registering HTTP endpoint: (GET POST) /printer/objects/list
2022-11-16 06:06:03,730 [websockets.py:register_api_handler()] - Registering Websocket JSON-RPC methods: printer.objects.list
2022-11-16 06:06:03,730 [app.py:register_remote_handler()] - Registering HTTP endpoint: (GET POST) /printer/adxl345/dump_adxl345
2022-11-16 06:06:03,732 [websockets.py:register_api_handler()] - Registering Websocket JSON-RPC methods: printer.adxl345.dump_adxl345
2022-11-16 06:06:03,733 [app.py:register_remote_handler()] - Registering HTTP endpoint: (GET POST) /printer/motion_report/dump_stepper
2022-11-16 06:06:03,734 [websockets.py:register_api_handler()] - Registering Websocket JSON-RPC methods: printer.motion_report.dump_stepper
2022-11-16 06:06:03,735 [app.py:register_remote_handler()] - Registering HTTP endpoint: (GET POST) /printer/gcode/firmware_restart
2022-11-16 06:06:03,737 [websockets.py:register_api_handler()] - Registering Websocket JSON-RPC methods: printer.gcode.firmware_restart
2022-11-16 06:06:03,737 [app.py:register_remote_handler()] - Registering HTTP endpoint: (GET POST) /printer/objects/subscribe
2022-11-16 06:06:03,738 [websockets.py:register_api_handler()] - Registering Websocket JSON-RPC methods: printer.objects.subscribe
2022-11-16 06:06:03,739 [app.py:register_remote_handler()] - Registering HTTP endpoint: (GET POST) /printer/gcode/script
2022-11-16 06:06:03,740 [websockets.py:register_api_handler()] - Registering Websocket JSON-RPC methods: printer.gcode.script
2022-11-16 06:06:03,740 [app.py:register_remote_handler()] - Registering HTTP endpoint: (GET POST) /printer/gcode/help
2022-11-16 06:06:03,742 [websockets.py:register_api_handler()] - Registering Websocket JSON-RPC methods: printer.gcode.help
2022-11-16 06:06:03,743 [app.py:register_remote_handler()] - Registering HTTP endpoint: (GET POST) /printer/pause_resume/resume
2022-11-16 06:06:03,744 [websockets.py:register_api_handler()] - Registering Websocket JSON-RPC methods: printer.pause_resume.resume
2022-11-16 06:06:03,745 [app.py:register_remote_handler()] - Registering HTTP endpoint: (GET POST) /printer/pause_resume/cancel
2022-11-16 06:06:03,747 [websockets.py:register_api_handler()] - Registering Websocket JSON-RPC methods: printer.pause_resume.cancel
2022-11-16 06:06:03,747 [app.py:register_remote_handler()] - Registering HTTP endpoint: (GET POST) /printer/gcode/restart
2022-11-16 06:06:03,749 [websockets.py:register_api_handler()] - Registering Websocket JSON-RPC methods: printer.gcode.restart
2022-11-16 06:06:03,750 [klippy_connection.py:_check_ready()] - 
mcu 'can0': Unable to connect
Once the underlying issue is corrected, use the
"FIRMWARE_RESTART" command to reset the firmware, reload the
config, and restart the host software.
Error configuring printer

2022-11-16 06:06:05,709 [app.py:log_request()] - 404 GET /machine/device_power/devices (127.0.0.1) [No User] 4.87ms
2022-11-16 06:06:06,629 [file_manager.py:get_file_list()] - Updating File List <gcodes>...
2022-11-16 06:38:01,158 [app.py:log_request()] - 101 GET /websocket (192.168.0.105) [_TRUSTED_USER_] 5.04ms
2022-11-16 06:38:01,159 [websockets.py:open()] - Websocket Opened: ID: 281473458693600, Proxied: True, User Agent: Mozilla/5.0 (iPhone; CPU iPhone OS 16_1 like Mac OS X) AppleWebKit/605.1.15 (KHTML, like Gecko) CriOS/107.0.5304.101 Mobile/15E148 Safari/604.1, Host Name: 192.168.50.42
2022-11-16 06:38:01,258 [websockets.py:_handle_identify()] - Websocket 281473458693600 Client Identified - Name: mainsail, Version: 2.3.1, Type: web
2022-11-16 06:38:08,147 [websockets.py:on_close()] - Websocket Closed: ID: 281473486730864 Close Code: None, Close Reason: None, Pong Time Elapsed: 3.09
2022-11-16 06:38:08,183 [websockets.py:on_close()] - Websocket Closed: ID: 281473459447648 Close Code: None, Close Reason: None, Pong Time Elapsed: 5.62
2022-11-16 06:38:08,196 [klippy_connection.py:_on_connection_closed()] - Klippy Connection Removed
2022-11-16 06:38:09,083 [moonraker.py:_handle_term_signal()] - Exiting with signal SIGTERM
2022-11-16 06:38:09,195 [websockets.py:on_close()] - Websocket Closed: ID: 281473458693600 Close Code: 1001, Close Reason: Server Shutdown, Pong Time Elapsed: 8.04
2022-11-16 06:38:09,217 [database.py:close()] - Database statistics:

announcements:
psize: 4096
depth: 0
branch_pages: 0
leaf_pages: 0
overflow_pages: 0
entries: 0
authorized_users:
psize: 4096
depth: 1
branch_pages: 0
leaf_pages: 1
overflow_pages: 0
entries: 1
gcode_metadata:
psize: 4096
depth: 2
branch_pages: 1
leaf_pages: 2
overflow_pages: 0
entries: 9
history:
psize: 4096
depth: 2
branch_pages: 1
leaf_pages: 9
overflow_pages: 0
entries: 37
mainsail:
psize: 4096
depth: 1
branch_pages: 0
leaf_pages: 1
overflow_pages: 0
entries: 8
moonraker:
psize: 4096
depth: 1
branch_pages: 0
leaf_pages: 1
overflow_pages: 0
entries: 6
update_manager:
psize: 4096
depth: 1
branch_pages: 0
leaf_pages: 1
overflow_pages: 0
entries: 5
2022-11-16 06:38:09,225 [moonraker.py:main()] - Server Shutdown
--------------------Moonraker Log Start--------------------
data_path: /home/biqu/printer_data
is_default_data_path: False
config_file: /home/biqu/printer_data/config/moonraker.conf
startup_warnings: []
verbose: False
debug: False
asyncio_debug: False
is_backup_config: False
log_file: /home/biqu/printer_data/logs/moonraker.log
software_version: v0.7.1-758-g5a3b1b6
python_version: 3.9.2 (default, Feb 28 2021, 17:03:44)  [GCC 10.2.1 20210110]
2022-11-16 06:38:29,017 [utils.py:setup_logging()] - data_path: /home/biqu/printer_data
2022-11-16 06:38:29,017 [utils.py:setup_logging()] - is_default_data_path: False
2022-11-16 06:38:29,018 [utils.py:setup_logging()] - config_file: /home/biqu/printer_data/config/moonraker.conf
2022-11-16 06:38:29,018 [utils.py:setup_logging()] - startup_warnings: []
2022-11-16 06:38:29,018 [utils.py:setup_logging()] - verbose: False
2022-11-16 06:38:29,019 [utils.py:setup_logging()] - debug: False
2022-11-16 06:38:29,019 [utils.py:setup_logging()] - asyncio_debug: False
2022-11-16 06:38:29,019 [utils.py:setup_logging()] - is_backup_config: False
2022-11-16 06:38:29,020 [utils.py:setup_logging()] - log_file: /home/biqu/printer_data/logs/moonraker.log
2022-11-16 06:38:29,020 [utils.py:setup_logging()] - software_version: v0.7.1-758-g5a3b1b6
2022-11-16 06:38:29,020 [utils.py:setup_logging()] - python_version: 3.9.2 (default, Feb 28 2021, 17:03:44)  [GCC 10.2.1 20210110]
2022-11-16 06:38:29,050 [confighelper.py:read_file()] - Configuration File '/home/biqu/printer_data/config/moonraker.conf' parsed, total size: 1054 B
2022-11-16 06:38:29,052 [moonraker.py:add_log_rollover_item()] - 
#################### Moonraker Configuration ####################

[server]
host = 0.0.0.0
port = 7125
klippy_uds_address = /home/biqu/printer_data/comms/klippy.sock

[file_manager]
enable_object_processing = True

[authorization]
trusted_clients = 
	10.0.0.0/8
	127.0.0.0/8
	169.254.0.0/16
	172.16.0.0/12
	192.168.0.0/16
	FE80::/10
	::1/128
cors_domains = 
	http://*.lan
	http://*.local
	https://my.mainsail.xyz
	http://my.mainsail.xyz
	https://app.fluidd.xyz
	http://app.fluidd.xyz

[octoprint_compat]

[history]

[update_manager]
channel = dev
refresh_interval = 168

[update_manager mainsail]
type = web
channel = stable
repo = mainsail-crew/mainsail
path = ~/mainsail

[update_manager moonraker-obico]
type = git_repo
path = ~/moonraker-obico
origin = https://github.com/TheSpaghettiDetective/moonraker-obico.git
env = /home/biqu/moonraker-env/bin/python
requirements = requirements.txt
install_script = install.sh
managed_services = 
	moonraker-obico

#################################################################
All Configuration Files:
/home/biqu/printer_data/config/moonraker.conf
/home/biqu/printer_data/config/moonraker-obico-update.cfg
#################################################################
2022-11-16 06:38:29,108 [app.py:register_local_handler()] - Registering HTTP Endpoint: (GET) /server/info
2022-11-16 06:38:29,109 [websockets.py:register_api_handler()] - Registering Websocket JSON-RPC methods: server.info
2022-11-16 06:38:29,110 [app.py:register_local_handler()] - Registering HTTP Endpoint: (GET) /server/config
2022-11-16 06:38:29,111 [websockets.py:register_api_handler()] - Registering Websocket JSON-RPC methods: server.config
2022-11-16 06:38:29,112 [app.py:register_local_handler()] - Registering HTTP Endpoint: (POST) /server/restart
2022-11-16 06:38:29,117 [websockets.py:register_api_handler()] - Registering Websocket JSON-RPC methods: server.restart
2022-11-16 06:38:29,611 [moonraker.py:load_component()] - Component (dbus_manager) loaded
2022-11-16 06:38:29,686 [moonraker.py:add_log_rollover_item()] - Unsafe Shutdown Count: 0
2022-11-16 06:38:29,862 [app.py:register_local_handler()] - Registering HTTP Endpoint: (GET) /server/database/list
2022-11-16 06:38:29,863 [websockets.py:register_api_handler()] - Registering Websocket JSON-RPC methods: server.database.list
2022-11-16 06:38:29,864 [app.py:register_local_handler()] - Registering HTTP Endpoint: (GET POST DELETE) /server/database/item
2022-11-16 06:38:29,866 [websockets.py:register_api_handler()] - Registering Websocket JSON-RPC methods: server.database.get_item, server.database.post_item, server.database.delete_item
2022-11-16 06:38:29,866 [moonraker.py:load_component()] - Component (database) loaded
2022-11-16 06:38:30,249 [app.py:register_local_handler()] - Registering HTTP Endpoint: (GET) /server/files/list
2022-11-16 06:38:30,251 [websockets.py:register_api_handler()] - Registering Websocket JSON-RPC methods: server.files.list
2022-11-16 06:38:30,252 [app.py:register_local_handler()] - Registering HTTP Endpoint: (GET) /server/files/metadata
2022-11-16 06:38:30,253 [websockets.py:register_api_handler()] - Registering Websocket JSON-RPC methods: server.files.metadata
2022-11-16 06:38:30,254 [app.py:register_local_handler()] - Registering HTTP Endpoint: (GET) /server/files/roots
2022-11-16 06:38:30,256 [websockets.py:register_api_handler()] - Registering Websocket JSON-RPC methods: server.files.roots
2022-11-16 06:38:30,256 [app.py:register_local_handler()] - Registering HTTP Endpoint: (GET POST DELETE) /server/files/directory
2022-11-16 06:38:30,258 [websockets.py:register_api_handler()] - Registering Websocket JSON-RPC methods: server.files.get_directory, server.files.post_directory, server.files.delete_directory
2022-11-16 06:38:30,258 [app.py:register_local_handler()] - Registering HTTP Endpoint: (POST) /server/files/move
2022-11-16 06:38:30,259 [websockets.py:register_api_handler()] - Registering Websocket JSON-RPC methods: server.files.move
2022-11-16 06:38:30,260 [app.py:register_local_handler()] - Registering HTTP Endpoint: (POST) /server/files/copy
2022-11-16 06:38:30,262 [websockets.py:register_api_handler()] - Registering Websocket JSON-RPC methods: server.files.copy
2022-11-16 06:38:30,263 [websockets.py:register_api_handler()] - Registering Websocket JSON-RPC methods: server.files.delete_file
2022-11-16 06:38:30,283 [moonraker.py:load_component()] - Component (file_manager) loaded
2022-11-16 06:38:30,298 [app.py:register_local_handler()] - Registering HTTP Endpoint: (POST) /printer/print/pause
2022-11-16 06:38:30,299 [websockets.py:register_api_handler()] - Registering Websocket JSON-RPC methods: printer.print.pause
2022-11-16 06:38:30,300 [app.py:register_local_handler()] - Registering HTTP Endpoint: (POST) /printer/print/resume
2022-11-16 06:38:30,302 [websockets.py:register_api_handler()] - Registering Websocket JSON-RPC methods: printer.print.resume
2022-11-16 06:38:30,302 [app.py:register_local_handler()] - Registering HTTP Endpoint: (POST) /printer/print/cancel
2022-11-16 06:38:30,304 [websockets.py:register_api_handler()] - Registering Websocket JSON-RPC methods: printer.print.cancel
2022-11-16 06:38:30,305 [app.py:register_local_handler()] - Registering HTTP Endpoint: (POST) /printer/print/start
2022-11-16 06:38:30,306 [websockets.py:register_api_handler()] - Registering Websocket JSON-RPC methods: printer.print.start
2022-11-16 06:38:30,307 [app.py:register_local_handler()] - Registering HTTP Endpoint: (POST) /printer/restart
2022-11-16 06:38:30,308 [websockets.py:register_api_handler()] - Registering Websocket JSON-RPC methods: printer.restart
2022-11-16 06:38:30,308 [app.py:register_local_handler()] - Registering HTTP Endpoint: (POST) /printer/firmware_restart
2022-11-16 06:38:30,310 [websockets.py:register_api_handler()] - Registering Websocket JSON-RPC methods: printer.firmware_restart
2022-11-16 06:38:30,310 [moonraker.py:load_component()] - Component (klippy_apis) loaded
2022-11-16 06:38:30,934 [moonraker.py:load_component()] - Component (secrets) loaded
2022-11-16 06:38:30,983 [moonraker.py:load_component()] - Component (template) loaded
2022-11-16 06:38:31,285 [moonraker.py:add_log_rollover_item()] - 
System Info:

***python***
  version: sys.version_info(major=3, minor=9, micro=2, releaselevel='final', serial=0)
  version_string: 3.9.2 (default, Feb 28 2021, 17:03:44)  [GCC 10.2.1 20210110]

***cpu_info***
  cpu_count: 4
  bits: 64bit
  processor: aarch64
  cpu_desc: 
  serial_number: 
  hardware_desc: 
  model: 
  total_memory: 1010712
  memory_units: kB

***sd_info***

***distribution***
  name: BTT-CB1 2.2.1 Bullseye
  id: debian
  version: 11
  version_parts: {'major': '11', 'minor': '', 'build_number': ''}
  like: 
  codename: bullseye
  release_info: {'name': '# PLEASE DO NOT EDIT THIS FILE', 'id': 'board'}

***virtualization***
  virt_type: none
  virt_identifier: none
2022-11-16 06:38:31,303 [moonraker.py:load_component()] - Component (shell_command) loaded
2022-11-16 06:38:31,303 [machine.py:__init__()] - Using System Provider: systemd_dbus
2022-11-16 06:38:31,305 [app.py:register_local_handler()] - Registering HTTP Endpoint: (POST) /machine/reboot
2022-11-16 06:38:31,307 [websockets.py:register_api_handler()] - Registering Websocket JSON-RPC methods: machine.reboot
2022-11-16 06:38:31,307 [app.py:register_local_handler()] - Registering HTTP Endpoint: (POST) /machine/shutdown
2022-11-16 06:38:31,309 [websockets.py:register_api_handler()] - Registering Websocket JSON-RPC methods: machine.shutdown
2022-11-16 06:38:31,310 [app.py:register_local_handler()] - Registering HTTP Endpoint: (POST) /machine/services/restart
2022-11-16 06:38:31,311 [websockets.py:register_api_handler()] - Registering Websocket JSON-RPC methods: machine.services.restart
2022-11-16 06:38:31,312 [app.py:register_local_handler()] - Registering HTTP Endpoint: (POST) /machine/services/stop
2022-11-16 06:38:31,313 [websockets.py:register_api_handler()] - Registering Websocket JSON-RPC methods: machine.services.stop
2022-11-16 06:38:31,314 [app.py:register_local_handler()] - Registering HTTP Endpoint: (POST) /machine/services/start
2022-11-16 06:38:31,316 [websockets.py:register_api_handler()] - Registering Websocket JSON-RPC methods: machine.services.start
2022-11-16 06:38:31,316 [app.py:register_local_handler()] - Registering HTTP Endpoint: (GET) /machine/system_info
2022-11-16 06:38:31,318 [websockets.py:register_api_handler()] - Registering Websocket JSON-RPC methods: machine.system_info
2022-11-16 06:38:31,318 [app.py:register_local_handler()] - Registering HTTP Endpoint: (GET) /machine/sudo/info
2022-11-16 06:38:31,320 [websockets.py:register_api_handler()] - Registering Websocket JSON-RPC methods: machine.sudo.info
2022-11-16 06:38:31,321 [app.py:register_local_handler()] - Registering HTTP Endpoint: (POST) /machine/sudo/password
2022-11-16 06:38:31,322 [websockets.py:register_api_handler()] - Registering Websocket JSON-RPC methods: machine.sudo.password
2022-11-16 06:38:31,325 [moonraker.py:load_component()] - Component (machine) loaded
2022-11-16 06:38:31,343 [app.py:register_local_handler()] - Registering HTTP Endpoint: (GET) /server/temperature_store
2022-11-16 06:38:31,344 [websockets.py:register_api_handler()] - Registering Websocket JSON-RPC methods: server.temperature_store
2022-11-16 06:38:31,345 [app.py:register_local_handler()] - Registering HTTP Endpoint: (GET) /server/gcode_store
2022-11-16 06:38:31,346 [websockets.py:register_api_handler()] - Registering Websocket JSON-RPC methods: server.gcode_store
2022-11-16 06:38:31,347 [moonraker.py:load_component()] - Component (data_store) loaded
2022-11-16 06:38:31,372 [proc_stats.py:__init__()] - Unable to find 'vcgencmd', throttle checking disabled
2022-11-16 06:38:31,373 [app.py:register_local_handler()] - Registering HTTP Endpoint: (GET) /machine/proc_stats
2022-11-16 06:38:31,375 [websockets.py:register_api_handler()] - Registering Websocket JSON-RPC methods: machine.proc_stats
2022-11-16 06:38:31,375 [moonraker.py:load_component()] - Component (proc_stats) loaded
2022-11-16 06:38:31,388 [moonraker.py:load_component()] - Component (job_state) loaded
2022-11-16 06:38:31,398 [app.py:register_local_handler()] - Registering HTTP Endpoint: (POST DELETE) /server/job_queue/job
2022-11-16 06:38:31,400 [websockets.py:register_api_handler()] - Registering Websocket JSON-RPC methods: server.job_queue.post_job, server.job_queue.delete_job
2022-11-16 06:38:31,400 [app.py:register_local_handler()] - Registering HTTP Endpoint: (POST) /server/job_queue/pause
2022-11-16 06:38:31,403 [websockets.py:register_api_handler()] - Registering Websocket JSON-RPC methods: server.job_queue.pause
2022-11-16 06:38:31,403 [app.py:register_local_handler()] - Registering HTTP Endpoint: (POST) /server/job_queue/start
2022-11-16 06:38:31,405 [websockets.py:register_api_handler()] - Registering Websocket JSON-RPC methods: server.job_queue.start
2022-11-16 06:38:31,406 [app.py:register_local_handler()] - Registering HTTP Endpoint: (GET) /server/job_queue/status
2022-11-16 06:38:31,408 [websockets.py:register_api_handler()] - Registering Websocket JSON-RPC methods: server.job_queue.status
2022-11-16 06:38:31,409 [moonraker.py:load_component()] - Component (job_queue) loaded
2022-11-16 06:38:31,478 [moonraker.py:load_component()] - Component (http_client) loaded
2022-11-16 06:38:31,491 [app.py:register_local_handler()] - Registering HTTP Endpoint: (GET) /server/announcements/list
2022-11-16 06:38:31,494 [websockets.py:register_api_handler()] - Registering Websocket JSON-RPC methods: server.announcements.list
2022-11-16 06:38:31,495 [app.py:register_local_handler()] - Registering HTTP Endpoint: (POST) /server/announcements/dismiss
2022-11-16 06:38:31,498 [websockets.py:register_api_handler()] - Registering Websocket JSON-RPC methods: server.announcements.dismiss
2022-11-16 06:38:31,499 [app.py:register_local_handler()] - Registering HTTP Endpoint: (POST) /server/announcements/update
2022-11-16 06:38:31,501 [websockets.py:register_api_handler()] - Registering Websocket JSON-RPC methods: server.announcements.update
2022-11-16 06:38:31,501 [app.py:register_local_handler()] - Registering HTTP Endpoint: (POST DELETE) /server/announcements/feed
2022-11-16 06:38:31,504 [websockets.py:register_api_handler()] - Registering Websocket JSON-RPC methods: server.announcements.post_feed, server.announcements.delete_feed
2022-11-16 06:38:31,504 [app.py:register_local_handler()] - Registering HTTP Endpoint: (GET) /server/announcements/feeds
2022-11-16 06:38:31,506 [websockets.py:register_api_handler()] - Registering Websocket JSON-RPC methods: server.announcements.feeds
2022-11-16 06:38:31,534 [moonraker.py:load_component()] - Component (announcements) loaded
2022-11-16 06:38:31,569 [app.py:register_local_handler()] - Registering HTTP Endpoint: (GET) /server/webcams/list
2022-11-16 06:38:31,571 [websockets.py:register_api_handler()] - Registering Websocket JSON-RPC methods: server.webcams.list
2022-11-16 06:38:31,572 [app.py:register_local_handler()] - Registering HTTP Endpoint: (GET POST DELETE) /server/webcams/item
2022-11-16 06:38:31,573 [websockets.py:register_api_handler()] - Registering Websocket JSON-RPC methods: server.webcams.get_item, server.webcams.post_item, server.webcams.delete_item
2022-11-16 06:38:31,574 [app.py:register_local_handler()] - Registering HTTP Endpoint: (POST) /server/webcams/test
2022-11-16 06:38:31,582 [websockets.py:register_api_handler()] - Registering Websocket JSON-RPC methods: server.webcams.test
2022-11-16 06:38:31,583 [moonraker.py:load_component()] - Component (webcam) loaded
2022-11-16 06:38:31,599 [websockets.py:register_api_handler()] - Registering Websocket JSON-RPC methods: connection.send_event
2022-11-16 06:38:31,600 [app.py:register_local_handler()] - Registering HTTP Endpoint: (GET) /server/extensions/list
2022-11-16 06:38:31,601 [websockets.py:register_api_handler()] - Registering Websocket JSON-RPC methods: server.extensions.list
2022-11-16 06:38:31,602 [app.py:register_local_handler()] - Registering HTTP Endpoint: (POST) /server/extensions/request
2022-11-16 06:38:31,604 [websockets.py:register_api_handler()] - Registering Websocket JSON-RPC methods: server.extensions.request
2022-11-16 06:38:31,604 [moonraker.py:load_component()] - Component (extensions) loaded
2022-11-16 06:38:31,714 [authorization.py:__init__()] - Authorization Configuration Loaded
Trusted Clients:
10.0.0.0/8
127.0.0.0/8
169.254.0.0/16
172.16.0.0/12
192.168.0.0/16
fe80::/10
::1/128
CORS Domains:
http://.*\.lan
http://.*\.local
https://my\.mainsail\.xyz
http://my\.mainsail\.xyz
https://app\.fluidd\.xyz
http://app\.fluidd\.xyz
2022-11-16 06:38:31,715 [app.py:register_local_handler()] - Registering HTTP Endpoint: (POST) /access/login
2022-11-16 06:38:31,716 [app.py:register_local_handler()] - Registering HTTP Endpoint: (POST) /access/logout
2022-11-16 06:38:31,718 [app.py:register_local_handler()] - Registering HTTP Endpoint: (POST) /access/refresh_jwt
2022-11-16 06:38:31,720 [app.py:register_local_handler()] - Registering HTTP Endpoint: (GET POST DELETE) /access/user
2022-11-16 06:38:31,722 [app.py:register_local_handler()] - Registering HTTP Endpoint: (GET) /access/users/list
2022-11-16 06:38:31,723 [app.py:register_local_handler()] - Registering HTTP Endpoint: (POST) /access/user/password
2022-11-16 06:38:31,725 [app.py:register_local_handler()] - Registering HTTP Endpoint: (GET POST) /access/api_key
2022-11-16 06:38:31,726 [app.py:register_local_handler()] - Registering HTTP Endpoint: (GET) /access/oneshot_token
2022-11-16 06:38:31,728 [app.py:register_local_handler()] - Registering HTTP Endpoint: (GET) /access/info
2022-11-16 06:38:31,730 [moonraker.py:load_component()] - Component (authorization) loaded
2022-11-16 06:38:31,745 [app.py:register_local_handler()] - Registering HTTP Endpoint: (GET) /api/version
2022-11-16 06:38:31,746 [app.py:register_local_handler()] - Registering HTTP Endpoint: (GET) /api/server
2022-11-16 06:38:31,747 [app.py:register_local_handler()] - Registering HTTP Endpoint: (POST) /api/login
2022-11-16 06:38:31,748 [app.py:register_local_handler()] - Registering HTTP Endpoint: (GET) /api/currentuser
2022-11-16 06:38:31,751 [app.py:register_local_handler()] - Registering HTTP Endpoint: (GET) /api/settings
2022-11-16 06:38:31,753 [app.py:register_local_handler()] - Registering HTTP Endpoint: (GET) /api/job
2022-11-16 06:38:31,756 [app.py:register_local_handler()] - Registering HTTP Endpoint: (GET) /api/printer
2022-11-16 06:38:31,757 [app.py:register_local_handler()] - Registering HTTP Endpoint: (POST) /api/printer/command
2022-11-16 06:38:31,759 [app.py:register_local_handler()] - Registering HTTP Endpoint: (GET) /api/printerprofiles
2022-11-16 06:38:31,762 [app.py:register_local_handler()] - Registering HTTP Endpoint: (POST) /api/files/moonraker/(?P<relative_path>.+)
2022-11-16 06:38:31,770 [moonraker.py:load_component()] - Component (octoprint_compat) loaded
2022-11-16 06:38:31,783 [app.py:register_local_handler()] - Registering HTTP Endpoint: (GET DELETE) /server/history/job
2022-11-16 06:38:31,785 [websockets.py:register_api_handler()] - Registering Websocket JSON-RPC methods: server.history.get_job, server.history.delete_job
2022-11-16 06:38:31,785 [app.py:register_local_handler()] - Registering HTTP Endpoint: (GET) /server/history/list
2022-11-16 06:38:31,787 [websockets.py:register_api_handler()] - Registering Websocket JSON-RPC methods: server.history.list
2022-11-16 06:38:31,787 [app.py:register_local_handler()] - Registering HTTP Endpoint: (GET) /server/history/totals
2022-11-16 06:38:31,788 [websockets.py:register_api_handler()] - Registering Websocket JSON-RPC methods: server.history.totals
2022-11-16 06:38:31,789 [app.py:register_local_handler()] - Registering HTTP Endpoint: (POST) /server/history/reset_totals
2022-11-16 06:38:31,791 [websockets.py:register_api_handler()] - Registering Websocket JSON-RPC methods: server.history.reset_totals
2022-11-16 06:38:31,794 [moonraker.py:load_component()] - Component (history) loaded
2022-11-16 06:38:32,037 [app.py:register_local_handler()] - Registering HTTP Endpoint: (POST) /machine/update/moonraker
2022-11-16 06:38:32,039 [websockets.py:register_api_handler()] - Registering Websocket JSON-RPC methods: machine.update.moonraker
2022-11-16 06:38:32,040 [app.py:register_local_handler()] - Registering HTTP Endpoint: (POST) /machine/update/klipper
2022-11-16 06:38:32,042 [websockets.py:register_api_handler()] - Registering Websocket JSON-RPC methods: machine.update.klipper
2022-11-16 06:38:32,042 [app.py:register_local_handler()] - Registering HTTP Endpoint: (POST) /machine/update/system
2022-11-16 06:38:32,046 [websockets.py:register_api_handler()] - Registering Websocket JSON-RPC methods: machine.update.system
2022-11-16 06:38:32,046 [app.py:register_local_handler()] - Registering HTTP Endpoint: (POST) /machine/update/client
2022-11-16 06:38:32,048 [websockets.py:register_api_handler()] - Registering Websocket JSON-RPC methods: machine.update.client
2022-11-16 06:38:32,049 [app.py:register_local_handler()] - Registering HTTP Endpoint: (POST) /machine/update/full
2022-11-16 06:38:32,051 [websockets.py:register_api_handler()] - Registering Websocket JSON-RPC methods: machine.update.full
2022-11-16 06:38:32,052 [app.py:register_local_handler()] - Registering HTTP Endpoint: (GET) /machine/update/status
2022-11-16 06:38:32,055 [websockets.py:register_api_handler()] - Registering Websocket JSON-RPC methods: machine.update.status
2022-11-16 06:38:32,057 [app.py:register_local_handler()] - Registering HTTP Endpoint: (POST) /machine/update/recover
2022-11-16 06:38:32,059 [websockets.py:register_api_handler()] - Registering Websocket JSON-RPC methods: machine.update.recover
2022-11-16 06:38:32,060 [moonraker.py:load_component()] - Component (update_manager) loaded
2022-11-16 06:38:32,096 [moonraker.py:_initialize_component()] - Performing Component Post Init: [dbus_manager]
2022-11-16 06:38:32,312 [moonraker.py:_initialize_component()] - Performing Component Post Init: [file_manager]
2022-11-16 06:38:32,389 [moonraker.py:_initialize_component()] - Performing Component Post Init: [machine]
2022-11-16 06:38:32,391 [machine.py:validation_init()] - Installation version in database up to date
2022-11-16 06:38:33,515 [machine.py:check_virt_status()] - No Virtualization Detected
2022-11-16 06:38:33,542 [machine.py:_find_public_ip()] - Detected Local IP: 192.168.50.42
2022-11-16 06:38:33,548 [webcam.py:_set_default_host_ip()] - Default public webcam address set: http://192.168.50.42
2022-11-16 06:38:33,835 [moonraker.py:add_log_rollover_item()] - 
Systemd unit moonraker.service:
unit_name: moonraker.service
is_default: True
Properties:
**Requires=['system.slice', 'network-online.target', '-.mount', 'sysinit.target']
**After=['system.slice', 'basic.target', 'network-online.target', 'systemd-journald.socket', '-.mount', 'sysinit.target']
**SupplementaryGroups=['moonraker-admin']
**EnvironmentFiles=/home/biqu/printer_data/systemd/moonraker.env
**ExecStart=/home/biqu/moonraker-env/bin/python $MOONRAKER_ARGS
**WorkingDirectory=/home/biqu/moonraker
**FragmentPath=/etc/systemd/system/moonraker.service
**Description=API Server for Klipper SV1
**User=biqu
2022-11-16 06:38:33,836 [moonraker.py:_initialize_component()] - Performing Component Post Init: [proc_stats]
2022-11-16 06:38:33,836 [moonraker.py:_initialize_component()] - Performing Component Post Init: [announcements]
2022-11-16 06:38:33,840 [moonraker.py:_initialize_component()] - Performing Component Post Init: [webcam]
2022-11-16 06:38:33,841 [webcam.py:_set_default_host_ip()] - Default public webcam address set: http://192.168.50.42
2022-11-16 06:38:33,842 [moonraker.py:_initialize_component()] - Performing Component Post Init: [authorization]
2022-11-16 06:38:33,843 [moonraker.py:_initialize_component()] - Performing Component Post Init: [update_manager]
2022-11-16 06:38:34,920 [update_manager.py:initialize()] - PackageDeploy: Using PackageKit Provider
2022-11-16 06:38:34,927 [update_manager.py:initialize()] - 
Initializing Client Updater: 'mainsail',
Channel: stable
path: /home/biqu/mainsail
2022-11-16 06:38:34,934 [moonraker.py:start_server()] - Starting Moonraker on (0.0.0.0, 7125), Hostname: BTT-CB1
2022-11-16 06:38:34,937 [app.py:listen()] - SSL Certificate/Key not configured, aborting HTTPS Server startup
2022-11-16 06:38:37,459 [klippy_connection.py:_do_connect()] - Klippy Connection Established
2022-11-16 06:38:37,611 [moonraker.py:add_log_rollover_item()] - 
Systemd unit klipper.service:
unit_name: klipper.service
is_default: True
Properties:
**Description=Klipper 3D Printer Firmware SV1
**ExecStart=/home/biqu/klippy-env/bin/python $KLIPPER_ARGS
**FragmentPath=/etc/systemd/system/klipper.service
2022-11-16 06:38:40,701 [authorization.py:_check_trusted_connection()] - Trusted Connection Detected, IP: 127.0.0.1
2022-11-16 06:38:40,781 [app.py:log_request()] - 101 GET /websocket?token=MQDLDKRB3XVYVPJZX5BEVHVOZ4Z7M6W7 (127.0.0.1) [_TRUSTED_USER_] 6.56ms
2022-11-16 06:38:40,782 [websockets.py:open()] - Websocket Opened: ID: 281473590432528, Proxied: False, User Agent: , Host Name: 127.0.0.1
2022-11-16 06:38:40,890 [app.py:log_request()] - 404 GET /machine/device_power/devices (127.0.0.1) [No User] 27.80ms
2022-11-16 06:38:40,919 [app.py:log_request()] - 404 GET /printer/info (127.0.0.1) [No User] 5.87ms
2022-11-16 06:38:41,202 [klippy_connection.py:_init_klippy_connection()] - Webhooks Subscribed
2022-11-16 06:38:41,253 [klippy_connection.py:_init_klippy_connection()] - GCode Output Subscribed
2022-11-16 06:38:41,258 [moonraker.py:add_log_rollover_item()] - Klipper Version: v0.10.0-626-g5e34b450
2022-11-16 06:38:43,642 [app.py:log_request()] - 404 GET /machine/device_power/devices (127.0.0.1) [No User] 5.27ms
2022-11-16 06:38:43,668 [app.py:log_request()] - 404 GET /printer/info (127.0.0.1) [No User] 5.21ms
2022-11-16 06:38:43,933 [machine.py:_find_public_ip()] - Failed to detect local IP address
2022-11-16 06:38:43,936 [webcam.py:_set_default_host_ip()] - Default public webcam address set: http://127.0.0.1
2022-11-16 06:38:46,640 [app.py:log_request()] - 404 GET /machine/device_power/devices (127.0.0.1) [No User] 5.72ms
2022-11-16 06:38:46,662 [app.py:log_request()] - 404 GET /printer/info (127.0.0.1) [No User] 4.92ms
2022-11-16 06:38:49,641 [app.py:log_request()] - 404 GET /machine/device_power/devices (127.0.0.1) [No User] 4.90ms
2022-11-16 06:38:49,664 [app.py:log_request()] - 404 GET /printer/info (127.0.0.1) [No User] 5.60ms
2022-11-16 06:38:52,638 [app.py:log_request()] - 404 GET /machine/device_power/devices (127.0.0.1) [No User] 4.60ms
2022-11-16 06:38:52,660 [app.py:log_request()] - 404 GET /printer/info (127.0.0.1) [No User] 4.78ms
2022-11-16 06:38:53,937 [machine.py:_find_public_ip()] - Detected Local IP: 192.168.50.42
2022-11-16 06:38:53,940 [webcam.py:_set_default_host_ip()] - Default public webcam address set: http://192.168.50.42
2022-11-16 06:38:55,639 [app.py:log_request()] - 404 GET /machine/device_power/devices (127.0.0.1) [No User] 5.07ms
2022-11-16 06:38:55,661 [app.py:log_request()] - 404 GET /printer/info (127.0.0.1) [No User] 4.99ms
2022-11-16 06:38:58,638 [app.py:log_request()] - 404 GET /machine/device_power/devices (127.0.0.1) [No User] 4.66ms
2022-11-16 06:38:58,659 [app.py:log_request()] - 404 GET /printer/info (127.0.0.1) [No User] 4.60ms
2022-11-16 06:39:01,638 [app.py:log_request()] - 404 GET /machine/device_power/devices (127.0.0.1) [No User] 4.63ms
2022-11-16 06:39:01,661 [app.py:log_request()] - 404 GET /printer/info (127.0.0.1) [No User] 5.03ms
2022-11-16 06:39:04,640 [app.py:log_request()] - 404 GET /machine/device_power/devices (127.0.0.1) [No User] 5.03ms
2022-11-16 06:39:04,662 [app.py:log_request()] - 404 GET /printer/info (127.0.0.1) [No User] 4.60ms
2022-11-16 06:39:04,859 [authorization.py:_check_trusted_connection()] - Trusted Connection Detected, IP: 192.168.0.249
2022-11-16 06:39:04,862 [app.py:log_request()] - 101 GET /websocket (192.168.0.249) [_TRUSTED_USER_] 5.71ms
2022-11-16 06:39:04,863 [websockets.py:open()] - Websocket Opened: ID: 281473571579744, Proxied: True, User Agent: Mozilla/5.0 (Windows NT 10.0; Win64; x64) AppleWebKit/537.36 (KHTML, like Gecko) Chrome/107.0.0.0 Safari/537.36, Host Name: 192.168.50.42
2022-11-16 06:39:04,874 [websockets.py:_handle_identify()] - Websocket 281473571579744 Client Identified - Name: mainsail, Version: 2.3.1, Type: web
2022-11-16 06:39:06,929 [websockets.py:build_error()] - JSON-RPC Request Error: -32601
Method not found
2022-11-16 06:39:07,639 [app.py:log_request()] - 404 GET /machine/device_power/devices (127.0.0.1) [No User] 4.67ms
2022-11-16 06:39:07,662 [app.py:log_request()] - 404 GET /printer/info (127.0.0.1) [No User] 4.64ms
2022-11-16 06:39:08,938 [websockets.py:build_error()] - JSON-RPC Request Error: -32601
Method not found
2022-11-16 06:39:09,089 [app.py:log_request()] - 404 GET /server/database/item?namespace=webcams (127.0.0.1) [_TRUSTED_USER_] 11.66ms
2022-11-16 06:39:09,115 [app.py:log_request()] - 404 GET /server/database/item?namespace=fluidd&key=cameras (127.0.0.1) [_TRUSTED_USER_] 7.80ms
2022-11-16 06:39:09,169 [app.py:log_request()] - 101 GET /websocket (127.0.0.1) [_API_KEY_USER_] 4.25ms
2022-11-16 06:39:09,170 [websockets.py:open()] - Websocket Opened: ID: 281473571579648, Proxied: False, User Agent: , Host Name: 127.0.0.1
2022-11-16 06:39:10,638 [app.py:log_request()] - 404 GET /machine/device_power/devices (127.0.0.1) [No User] 4.59ms
2022-11-16 06:39:10,661 [app.py:log_request()] - 404 GET /printer/info (127.0.0.1) [No User] 4.65ms
2022-11-16 06:39:10,930 [websockets.py:build_error()] - JSON-RPC Request Error: -32601
Method not found
2022-11-16 06:39:12,929 [websockets.py:build_error()] - JSON-RPC Request Error: -32601
Method not found
2022-11-16 06:39:13,638 [app.py:log_request()] - 404 GET /machine/device_power/devices (127.0.0.1) [No User] 4.58ms
2022-11-16 06:39:13,660 [app.py:log_request()] - 404 GET /printer/info (127.0.0.1) [No User] 4.61ms
2022-11-16 06:39:14,929 [websockets.py:build_error()] - JSON-RPC Request Error: -32601
Method not found
2022-11-16 06:39:16,639 [app.py:log_request()] - 404 GET /machine/device_power/devices (127.0.0.1) [No User] 4.96ms
2022-11-16 06:39:16,660 [app.py:log_request()] - 404 GET /printer/info (127.0.0.1) [No User] 4.66ms
2022-11-16 06:39:16,929 [websockets.py:build_error()] - JSON-RPC Request Error: -32601
Method not found
2022-11-16 06:39:18,929 [websockets.py:build_error()] - JSON-RPC Request Error: -32601
Method not found
2022-11-16 06:39:19,640 [app.py:log_request()] - 404 GET /machine/device_power/devices (127.0.0.1) [No User] 4.69ms
2022-11-16 06:39:19,662 [app.py:log_request()] - 404 GET /printer/info (127.0.0.1) [No User] 4.58ms
2022-11-16 06:39:20,930 [websockets.py:build_error()] - JSON-RPC Request Error: -32601
Method not found
2022-11-16 06:39:22,637 [app.py:log_request()] - 404 GET /machine/device_power/devices (127.0.0.1) [No User] 4.65ms
2022-11-16 06:39:22,659 [app.py:log_request()] - 404 GET /printer/info (127.0.0.1) [No User] 4.62ms
2022-11-16 06:39:22,929 [websockets.py:build_error()] - JSON-RPC Request Error: -32601
Method not found
2022-11-16 06:39:24,929 [websockets.py:build_error()] - JSON-RPC Request Error: -32601
Method not found
2022-11-16 06:39:25,639 [app.py:log_request()] - 404 GET /machine/device_power/devices (127.0.0.1) [No User] 5.09ms
2022-11-16 06:39:25,660 [app.py:log_request()] - 404 GET /printer/info (127.0.0.1) [No User] 4.55ms
2022-11-16 06:39:26,929 [websockets.py:build_error()] - JSON-RPC Request Error: -32601
Method not found
2022-11-16 06:39:28,637 [app.py:log_request()] - 404 GET /machine/device_power/devices (127.0.0.1) [No User] 4.64ms
2022-11-16 06:39:28,659 [app.py:log_request()] - 404 GET /printer/info (127.0.0.1) [No User] 4.64ms
2022-11-16 17:22:14,049 [websockets.py:build_error()] - JSON-RPC Request Error: -32601
Method not found
2022-11-16 17:22:16,042 [websockets.py:build_error()] - JSON-RPC Request Error: -32601
Method not found
2022-11-16 17:22:16,751 [app.py:log_request()] - 404 GET /machine/device_power/devices (127.0.0.1) [No User] 4.64ms
2022-11-16 17:22:16,773 [app.py:log_request()] - 404 GET /printer/info (127.0.0.1) [No User] 4.66ms
2022-11-16 17:22:18,043 [websockets.py:build_error()] - JSON-RPC Request Error: -32601
Method not found
2022-11-16 17:22:19,752 [app.py:log_request()] - 404 GET /machine/device_power/devices (127.0.0.1) [No User] 5.14ms
2022-11-16 17:22:19,774 [app.py:log_request()] - 404 GET /printer/info (127.0.0.1) [No User] 4.71ms
2022-11-16 17:22:20,963 [websockets.py:build_error()] - JSON-RPC Request Error: -32601
Method not found
2022-11-16 17:22:22,751 [app.py:log_request()] - 404 GET /machine/device_power/devices (127.0.0.1) [No User] 4.72ms
2022-11-16 17:22:22,772 [app.py:log_request()] - 404 GET /printer/info (127.0.0.1) [No User] 4.61ms
2022-11-16 17:22:22,963 [websockets.py:build_error()] - JSON-RPC Request Error: -32601
Method not found
2022-11-16 17:22:24,973 [websockets.py:build_error()] - JSON-RPC Request Error: -32601
Method not found
2022-11-16 17:22:25,750 [app.py:log_request()] - 404 GET /machine/device_power/devices (127.0.0.1) [No User] 4.63ms
2022-11-16 17:22:25,772 [app.py:log_request()] - 404 GET /printer/info (127.0.0.1) [No User] 4.61ms
2022-11-16 17:22:26,965 [websockets.py:build_error()] - JSON-RPC Request Error: -32601
Method not found
2022-11-16 17:22:28,753 [app.py:log_request()] - 404 GET /machine/device_power/devices (127.0.0.1) [No User] 4.72ms
2022-11-16 17:22:28,775 [app.py:log_request()] - 404 GET /printer/info (127.0.0.1) [No User] 4.66ms
2022-11-16 17:22:28,965 [websockets.py:build_error()] - JSON-RPC Request Error: -32601
Method not found
2022-11-16 17:22:30,967 [websockets.py:build_error()] - JSON-RPC Request Error: -32601
Method not found
2022-11-16 17:22:31,752 [app.py:log_request()] - 404 GET /machine/device_power/devices (127.0.0.1) [No User] 5.05ms
2022-11-16 17:22:31,774 [app.py:log_request()] - 404 GET /printer/info (127.0.0.1) [No User] 4.55ms
2022-11-16 17:22:32,963 [websockets.py:build_error()] - JSON-RPC Request Error: -32601
Method not found
2022-11-16 17:22:34,751 [app.py:log_request()] - 404 GET /machine/device_power/devices (127.0.0.1) [No User] 4.97ms
2022-11-16 17:22:34,773 [app.py:log_request()] - 404 GET /printer/info (127.0.0.1) [No User] 4.58ms
2022-11-16 17:22:34,976 [websockets.py:build_error()] - JSON-RPC Request Error: -32601
Method not found
2022-11-16 17:22:36,968 [websockets.py:build_error()] - JSON-RPC Request Error: -32601
Method not found
2022-11-16 17:22:37,751 [app.py:log_request()] - 404 GET /machine/device_power/devices (127.0.0.1) [No User] 4.81ms
2022-11-16 17:22:37,773 [app.py:log_request()] - 404 GET /printer/info (127.0.0.1) [No User] 4.78ms
2022-11-16 17:22:38,965 [websockets.py:build_error()] - JSON-RPC Request Error: -32601
Method not found
2022-11-16 17:22:40,753 [app.py:log_request()] - 404 GET /machine/device_power/devices (127.0.0.1) [No User] 5.47ms
2022-11-16 17:22:40,775 [app.py:log_request()] - 404 GET /printer/info (127.0.0.1) [No User] 4.70ms
2022-11-16 17:22:40,969 [websockets.py:build_error()] - JSON-RPC Request Error: -32601
Method not found
2022-11-16 17:22:42,968 [websockets.py:build_error()] - JSON-RPC Request Error: -32601
Method not found
2022-11-16 17:22:43,751 [app.py:log_request()] - 404 GET /machine/device_power/devices (127.0.0.1) [No User] 4.73ms
2022-11-16 17:22:43,773 [app.py:log_request()] - 404 GET /printer/info (127.0.0.1) [No User] 4.77ms
2022-11-16 17:22:44,961 [websockets.py:build_error()] - JSON-RPC Request Error: -32601
Method not found
2022-11-16 17:22:46,752 [app.py:log_request()] - 404 GET /machine/device_power/devices (127.0.0.1) [No User] 5.02ms
2022-11-16 17:22:46,774 [app.py:log_request()] - 404 GET /printer/info (127.0.0.1) [No User] 5.32ms
2022-11-16 17:22:46,960 [websockets.py:build_error()] - JSON-RPC Request Error: -32601
Method not found
2022-11-16 17:22:48,967 [websockets.py:build_error()] - JSON-RPC Request Error: -32601
Method not found
2022-11-16 17:22:49,752 [app.py:log_request()] - 404 GET /machine/device_power/devices (127.0.0.1) [No User] 5.41ms
2022-11-16 17:22:49,774 [app.py:log_request()] - 404 GET /printer/info (127.0.0.1) [No User] 4.68ms
2022-11-16 17:22:50,964 [websockets.py:build_error()] - JSON-RPC Request Error: -32601
Method not found
2022-11-16 17:22:52,750 [app.py:log_request()] - 404 GET /machine/device_power/devices (127.0.0.1) [No User] 4.71ms
2022-11-16 17:22:52,772 [app.py:log_request()] - 404 GET /printer/info (127.0.0.1) [No User] 4.76ms
2022-11-16 17:22:52,965 [websockets.py:build_error()] - JSON-RPC Request Error: -32601
Method not found
2022-11-16 17:22:54,964 [websockets.py:build_error()] - JSON-RPC Request Error: -32601
Method not found
2022-11-16 17:22:55,751 [app.py:log_request()] - 404 GET /machine/device_power/devices (127.0.0.1) [No User] 4.63ms
2022-11-16 17:22:55,774 [app.py:log_request()] - 404 GET /printer/info (127.0.0.1) [No User] 5.46ms
2022-11-16 17:22:56,963 [websockets.py:build_error()] - JSON-RPC Request Error: -32601
Method not found
2022-11-16 17:22:58,587 [app.py:register_remote_handler()] - Registering HTTP endpoint: (GET POST) /printer/info
2022-11-16 17:22:58,588 [websockets.py:register_api_handler()] - Registering Websocket JSON-RPC methods: printer.info
2022-11-16 17:22:58,589 [app.py:register_remote_handler()] - Registering HTTP endpoint: (GET POST) /printer/query_endstops/status
2022-11-16 17:22:58,590 [websockets.py:register_api_handler()] - Registering Websocket JSON-RPC methods: printer.query_endstops.status
2022-11-16 17:22:58,590 [app.py:register_remote_handler()] - Registering HTTP endpoint: (GET POST) /printer/emergency_stop
2022-11-16 17:22:58,592 [websockets.py:register_api_handler()] - Registering Websocket JSON-RPC methods: printer.emergency_stop
2022-11-16 17:22:58,592 [app.py:register_remote_handler()] - Registering HTTP endpoint: (GET POST) /printer/pause_resume/pause
2022-11-16 17:22:58,594 [websockets.py:register_api_handler()] - Registering Websocket JSON-RPC methods: printer.pause_resume.pause
2022-11-16 17:22:58,594 [app.py:register_remote_handler()] - Registering HTTP endpoint: (GET POST) /printer/objects/query
2022-11-16 17:22:58,595 [websockets.py:register_api_handler()] - Registering Websocket JSON-RPC methods: printer.objects.query
2022-11-16 17:22:58,596 [app.py:register_remote_handler()] - Registering HTTP endpoint: (GET POST) /printer/objects/list
2022-11-16 17:22:58,597 [websockets.py:register_api_handler()] - Registering Websocket JSON-RPC methods: printer.objects.list
2022-11-16 17:22:58,597 [app.py:register_remote_handler()] - Registering HTTP endpoint: (GET POST) /printer/adxl345/dump_adxl345
2022-11-16 17:22:58,599 [websockets.py:register_api_handler()] - Registering Websocket JSON-RPC methods: printer.adxl345.dump_adxl345
2022-11-16 17:22:58,600 [app.py:register_remote_handler()] - Registering HTTP endpoint: (GET POST) /printer/motion_report/dump_stepper
2022-11-16 17:22:58,601 [websockets.py:register_api_handler()] - Registering Websocket JSON-RPC methods: printer.motion_report.dump_stepper
2022-11-16 17:22:58,602 [app.py:register_remote_handler()] - Registering HTTP endpoint: (GET POST) /printer/gcode/firmware_restart
2022-11-16 17:22:58,604 [websockets.py:register_api_handler()] - Registering Websocket JSON-RPC methods: printer.gcode.firmware_restart
2022-11-16 17:22:58,604 [app.py:register_remote_handler()] - Registering HTTP endpoint: (GET POST) /printer/objects/subscribe
2022-11-16 17:22:58,605 [websockets.py:register_api_handler()] - Registering Websocket JSON-RPC methods: printer.objects.subscribe
2022-11-16 17:22:58,606 [app.py:register_remote_handler()] - Registering HTTP endpoint: (GET POST) /printer/gcode/script
2022-11-16 17:22:58,607 [websockets.py:register_api_handler()] - Registering Websocket JSON-RPC methods: printer.gcode.script
2022-11-16 17:22:58,607 [app.py:register_remote_handler()] - Registering HTTP endpoint: (GET POST) /printer/gcode/help
2022-11-16 17:22:58,609 [websockets.py:register_api_handler()] - Registering Websocket JSON-RPC methods: printer.gcode.help
2022-11-16 17:22:58,609 [app.py:register_remote_handler()] - Registering HTTP endpoint: (GET POST) /printer/pause_resume/resume
2022-11-16 17:22:58,611 [websockets.py:register_api_handler()] - Registering Websocket JSON-RPC methods: printer.pause_resume.resume
2022-11-16 17:22:58,611 [app.py:register_remote_handler()] - Registering HTTP endpoint: (GET POST) /printer/pause_resume/cancel
2022-11-16 17:22:58,613 [websockets.py:register_api_handler()] - Registering Websocket JSON-RPC methods: printer.pause_resume.cancel
2022-11-16 17:22:58,613 [app.py:register_remote_handler()] - Registering HTTP endpoint: (GET POST) /printer/gcode/restart
2022-11-16 17:22:58,615 [websockets.py:register_api_handler()] - Registering Websocket JSON-RPC methods: printer.gcode.restart
2022-11-16 17:22:58,616 [klippy_connection.py:_check_ready()] - 
mcu 'can0': Unable to connect
Once the underlying issue is corrected, use the
"FIRMWARE_RESTART" command to reset the firmware, reload the
config, and restart the host software.
Error configuring printer

2022-11-16 17:22:58,750 [app.py:log_request()] - 404 GET /machine/device_power/devices (127.0.0.1) [No User] 4.79ms
2022-11-16 17:22:59,651 [file_manager.py:get_file_list()] - Updating File List <gcodes>...
2022-11-16 17:26:18,958 [authorization.py:_prune_conn_handler()] - Trusted Connection Expired, IP: 192.168.0.249
